# JRE version: OpenJDK Runtime Environment (8.0_152-b02) (build 1.8.0_152-release-1024-b02)
# Java VM: OpenJDK 64-Bit Server VM (25.152-b02 mixed mode windows-amd64 compressed oops)
Heap:
 PSYoungGen      total 222720K, used 208006K [0x00000000e0000000, 0x00000000efe00000, 0x0000000100000000)
  eden space 189440K, 100% used [0x00000000e0000000,0x00000000eb900000,0x00000000eb900000)
  from space 33280K, 55% used [0x00000000edd80000,0x00000000eefa1a60,0x00000000efe00000)
  to   space 35328K, 99% used [0x00000000eb900000,0x00000000edb7a210,0x00000000edb80000)
 ParOldGen       total 138240K, used 69151K [0x00000000a0000000, 0x00000000a8700000, 0x00000000e0000000)
  object space 138240K, 50% used [0x00000000a0000000,0x00000000a4387c20,0x00000000a8700000)
 Metaspace       used 77999K, capacity 81804K, committed 82048K, reserved 1120256K
  class space    used 10113K, capacity 11043K, committed 11136K, reserved 1048576K
GC Heap History (10 events):
Event: 212.997 GC heap after
Heap after GC invocations=21 (full 3):
 PSYoungGen      total 160768K, used 19441K [0x00000000e0000000, 0x00000000ec080000, 0x0000000100000000)
  eden space 141312K, 0% used [0x00000000e0000000,0x00000000e0000000,0x00000000e8a00000)
  from space 19456K, 99% used [0x00000000ea180000,0x00000000eb47c4b8,0x00000000eb480000)
  to   space 24064K, 0% used [0x00000000e8a00000,0x00000000e8a00000,0x00000000ea180000)
 ParOldGen       total 138240K, used 42479K [0x00000000a0000000, 0x00000000a8700000, 0x00000000e0000000)
  object space 138240K, 30% used [0x00000000a0000000,0x00000000a297bf38,0x00000000a8700000)
 Metaspace       used 68709K, capacity 71664K, committed 71936K, reserved 1112064K
  class space    used 9118K, capacity 9871K, committed 9984K, reserved 1048576K
}
Event: 225.113 GC heap before
{Heap before GC invocations=22 (full 3):
 PSYoungGen      total 160768K, used 160753K [0x00000000e0000000, 0x00000000ec080000, 0x0000000100000000)
  eden space 141312K, 100% used [0x00000000e0000000,0x00000000e8a00000,0x00000000e8a00000)
  from space 19456K, 99% used [0x00000000ea180000,0x00000000eb47c4b8,0x00000000eb480000)
  to   space 24064K, 0% used [0x00000000e8a00000,0x00000000e8a00000,0x00000000ea180000)
 ParOldGen       total 138240K, used 42479K [0x00000000a0000000, 0x00000000a8700000, 0x00000000e0000000)
  object space 138240K, 30% used [0x00000000a0000000,0x00000000a297bf38,0x00000000a8700000)
 Metaspace       used 70958K, capacity 74344K, committed 74624K, reserved 1114112K
  class space    used 9415K, capacity 10287K, committed 10368K, reserved 1048576K
Event: 225.165 GC heap after
Heap after GC invocations=22 (full 3):
 PSYoungGen      total 165376K, used 22458K [0x00000000e0000000, 0x00000000ed980000, 0x0000000100000000)
  eden space 141312K, 0% used [0x00000000e0000000,0x00000000e0000000,0x00000000e8a00000)
  from space 24064K, 93% used [0x00000000e8a00000,0x00000000e9feea00,0x00000000ea180000)
  to   space 27136K, 0% used [0x00000000ebf00000,0x00000000ebf00000,0x00000000ed980000)
 ParOldGen       total 138240K, used 47699K [0x00000000a0000000, 0x00000000a8700000, 0x00000000e0000000)
  object space 138240K, 34% used [0x00000000a0000000,0x00000000a2e94f88,0x00000000a8700000)
 Metaspace       used 70958K, capacity 74344K, committed 74624K, reserved 1114112K
  class space    used 9415K, capacity 10287K, committed 10368K, reserved 1048576K
}
Event: 267.679 GC heap before
{Heap before GC invocations=23 (full 3):
 PSYoungGen      total 165376K, used 163770K [0x00000000e0000000, 0x00000000ed980000, 0x0000000100000000)
  eden space 141312K, 100% used [0x00000000e0000000,0x00000000e8a00000,0x00000000e8a00000)
  from space 24064K, 93% used [0x00000000e8a00000,0x00000000e9feea00,0x00000000ea180000)
  to   space 27136K, 0% used [0x00000000ebf00000,0x00000000ebf00000,0x00000000ed980000)
 ParOldGen       total 138240K, used 47699K [0x00000000a0000000, 0x00000000a8700000, 0x00000000e0000000)
  object space 138240K, 34% used [0x00000000a0000000,0x00000000a2e94f88,0x00000000a8700000)
 Metaspace       used 73980K, capacity 77506K, committed 77824K, reserved 1116160K
  class space    used 9751K, capacity 10626K, committed 10752K, reserved 1048576K
Event: 267.740 GC heap after
Heap after GC invocations=23 (full 3):
 PSYoungGen      total 192512K, used 21243K [0x00000000e0000000, 0x00000000eda80000, 0x0000000100000000)
  eden space 165376K, 0% used [0x00000000e0000000,0x00000000e0000000,0x00000000ea180000)
  from space 27136K, 78% used [0x00000000ebf00000,0x00000000ed3befd0,0x00000000ed980000)
  to   space 29184K, 0% used [0x00000000ea180000,0x00000000ea180000,0x00000000ebe00000)
 ParOldGen       total 138240K, used 47707K [0x00000000a0000000, 0x00000000a8700000, 0x00000000e0000000)
  object space 138240K, 34% used [0x00000000a0000000,0x00000000a2e96f88,0x00000000a8700000)
 Metaspace       used 73980K, capacity 77506K, committed 77824K, reserved 1116160K
  class space    used 9751K, capacity 10626K, committed 10752K, reserved 1048576K
}
Event: 288.315 GC heap before
{Heap before GC invocations=24 (full 3):
 PSYoungGen      total 192512K, used 186619K [0x00000000e0000000, 0x00000000eda80000, 0x0000000100000000)
  eden space 165376K, 100% used [0x00000000e0000000,0x00000000ea180000,0x00000000ea180000)
  from space 27136K, 78% used [0x00000000ebf00000,0x00000000ed3befd0,0x00000000ed980000)
  to   space 29184K, 0% used [0x00000000ea180000,0x00000000ea180000,0x00000000ebe00000)
 ParOldGen       total 138240K, used 47707K [0x00000000a0000000, 0x00000000a8700000, 0x00000000e0000000)
  object space 138240K, 34% used [0x00000000a0000000,0x00000000a2e96f88,0x00000000a8700000)
 Metaspace       used 74919K, capacity 78570K, committed 78592K, reserved 1118208K
  class space    used 9832K, capacity 10750K, committed 10752K, reserved 1048576K
Event: 288.384 GC heap after
Heap after GC invocations=24 (full 3):
 PSYoungGen      total 194560K, used 29157K [0x00000000e0000000, 0x00000000f0080000, 0x0000000100000000)
  eden space 165376K, 0% used [0x00000000e0000000,0x00000000e0000000,0x00000000ea180000)
  from space 29184K, 99% used [0x00000000ea180000,0x00000000ebdf97b0,0x00000000ebe00000)
  to   space 35840K, 0% used [0x00000000edd80000,0x00000000edd80000,0x00000000f0080000)
 ParOldGen       total 138240K, used 54696K [0x00000000a0000000, 0x00000000a8700000, 0x00000000e0000000)
  object space 138240K, 39% used [0x00000000a0000000,0x00000000a356a2a8,0x00000000a8700000)
 Metaspace       used 74919K, capacity 78570K, committed 78592K, reserved 1118208K
  class space    used 9832K, capacity 10750K, committed 10752K, reserved 1048576K
}
Event: 306.381 GC heap before
{Heap before GC invocations=25 (full 3):
 PSYoungGen      total 194560K, used 194533K [0x00000000e0000000, 0x00000000f0080000, 0x0000000100000000)
  eden space 165376K, 100% used [0x00000000e0000000,0x00000000ea180000,0x00000000ea180000)
  from space 29184K, 99% used [0x00000000ea180000,0x00000000ebdf97b0,0x00000000ebe00000)
  to   space 35840K, 0% used [0x00000000edd80000,0x00000000edd80000,0x00000000f0080000)
 ParOldGen       total 138240K, used 54696K [0x00000000a0000000, 0x00000000a8700000, 0x00000000e0000000)
  object space 138240K, 39% used [0x00000000a0000000,0x00000000a356a2a8,0x00000000a8700000)
 Metaspace       used 77153K, capacity 80926K, committed 81152K, reserved 1120256K
  class space    used 10038K, capacity 10962K, committed 11008K, reserved 1048576K
Event: 306.438 GC heap after
Heap after GC invocations=25 (full 3):
 PSYoungGen      total 222720K, used 18566K [0x00000000e0000000, 0x00000000efe00000, 0x0000000100000000)
  eden space 189440K, 0% used [0x00000000e0000000,0x00000000e0000000,0x00000000eb900000)
  from space 33280K, 55% used [0x00000000edd80000,0x00000000eefa1a60,0x00000000efe00000)
  to   space 35328K, 0% used [0x00000000eb900000,0x00000000eb900000,0x00000000edb80000)
 ParOldGen       total 138240K, used 67994K [0x00000000a0000000, 0x00000000a8700000, 0x00000000e0000000)
  object space 138240K, 49% used [0x00000000a0000000,0x00000000a4266b68,0x00000000a8700000)
 Metaspace       used 77153K, capacity 80926K, committed 81152K, reserved 1120256K
  class space    used 10038K, capacity 10962K, committed 11008K, reserved 1048576K
}
Event: 315.067 GC heap before
{Heap before GC invocations=26 (full 3):
 PSYoungGen      total 222720K, used 208006K [0x00000000e0000000, 0x00000000efe00000, 0x0000000100000000)
  eden space 189440K, 100% used [0x00000000e0000000,0x00000000eb900000,0x00000000eb900000)
  from space 33280K, 55% used [0x00000000edd80000,0x00000000eefa1a60,0x00000000efe00000)
  to   space 35328K, 0% used [0x00000000eb900000,0x00000000eb900000,0x00000000edb80000)
 ParOldGen       total 138240K, used 67994K [0x00000000a0000000, 0x00000000a8700000, 0x00000000e0000000)
  object space 138240K, 49% used [0x00000000a0000000,0x00000000a4266b68,0x00000000a8700000)
 Metaspace       used 77999K, capacity 81804K, committed 82048K, reserved 1120256K
  class space    used 10113K, capacity 11043K, committed 11136K, reserved 1048576K

